2022-03-10 03:04:44,827 : Feataure extraction strating ...

2022-03-10 03:04:57,151 : Feature extraction of test set
2022-03-10 03:04:57,184 : file : 289 - shape : torch.Size([1, 384, 240])
2022-03-10 03:04:57,207 : file : 979 - shape : torch.Size([1, 384, 230])
2022-03-10 03:04:57,227 : file : 1086 - shape : torch.Size([1, 384, 183])
2022-03-10 03:04:57,248 : file : 359 - shape : torch.Size([1, 384, 216])
2022-03-10 03:04:57,269 : file : 0 - shape : torch.Size([1, 384, 216])
2022-03-10 03:04:57,292 : file : 871 - shape : torch.Size([1, 384, 190])
2022-03-10 03:04:57,313 : file : 693 - shape : torch.Size([1, 384, 195])
2022-03-10 03:04:57,334 : file : 1190 - shape : torch.Size([1, 384, 201])
2022-03-10 03:04:57,355 : file : 470 - shape : torch.Size([1, 384, 207])
2022-03-10 03:04:57,376 : file : 547 - shape : torch.Size([1, 384, 210])
2022-03-10 03:04:57,400 : file : 946 - shape : torch.Size([1, 384, 208])
2022-03-10 03:04:57,422 : file : 1417 - shape : torch.Size([1, 384, 221])
2022-03-10 03:04:57,443 : file : 134 - shape : torch.Size([1, 384, 194])
2022-03-10 03:04:57,464 : file : 528 - shape : torch.Size([1, 384, 192])
2022-03-10 03:04:57,485 : file : 185 - shape : torch.Size([1, 384, 179])
2022-03-10 03:04:57,511 : file : 68 - shape : torch.Size([1, 384, 207])
2022-03-10 03:04:57,533 : file : 937 - shape : torch.Size([1, 384, 210])
2022-03-10 03:04:57,555 : file : 1209 - shape : torch.Size([1, 384, 223])
2022-03-10 03:04:57,576 : file : 1313 - shape : torch.Size([1, 384, 190])
2022-03-10 03:04:57,597 : file : 1200 - shape : torch.Size([1, 384, 230])
2022-03-10 03:04:57,621 : file : 786 - shape : torch.Size([1, 384, 208])
2022-03-10 03:04:57,643 : file : 545 - shape : torch.Size([1, 384, 203])
2022-03-10 03:04:57,667 : file : 1355 - shape : torch.Size([1, 384, 254])
2022-03-10 03:04:57,687 : file : 538 - shape : torch.Size([1, 384, 190])
2022-03-10 03:04:57,709 : file : 721 - shape : torch.Size([1, 384, 173])
2022-03-10 03:04:57,733 : file : 556 - shape : torch.Size([1, 384, 188])
2022-03-10 03:04:57,753 : file : 29 - shape : torch.Size([1, 384, 183])
2022-03-10 03:04:57,774 : file : 938 - shape : torch.Size([1, 384, 190])
2022-03-10 03:04:57,796 : file : 570 - shape : torch.Size([1, 384, 210])
2022-03-10 03:04:57,817 : file : 735 - shape : torch.Size([1, 384, 181])
2022-03-10 03:04:57,841 : file : 651 - shape : torch.Size([1, 384, 192])
2022-03-10 03:04:57,862 : file : 462 - shape : torch.Size([1, 384, 194])
2022-03-10 03:04:57,883 : file : 927 - shape : torch.Size([1, 384, 197])
2022-03-10 03:04:57,903 : file : 1342 - shape : torch.Size([1, 384, 183])
2022-03-10 03:04:57,924 : file : 40 - shape : torch.Size([1, 384, 192])
2022-03-10 03:04:57,948 : file : 108 - shape : torch.Size([1, 384, 199])
2022-03-10 03:04:57,970 : file : 449 - shape : torch.Size([1, 384, 216])
2022-03-10 03:04:57,991 : file : 771 - shape : torch.Size([1, 384, 186])
2022-03-10 03:04:58,011 : file : 812 - shape : torch.Size([1, 384, 192])
2022-03-10 03:04:58,033 : file : 1339 - shape : torch.Size([1, 384, 230])
2022-03-10 03:04:58,056 : file : 716 - shape : torch.Size([1, 384, 199])
2022-03-10 03:04:58,077 : file : 531 - shape : torch.Size([1, 384, 184])
2022-03-10 03:04:58,098 : file : 331 - shape : torch.Size([1, 384, 179])
2022-03-10 03:04:58,119 : file : 1232 - shape : torch.Size([1, 384, 203])
2022-03-10 03:04:58,142 : file : 1164 - shape : torch.Size([1, 384, 238])
2022-03-10 03:04:58,164 : file : 1141 - shape : torch.Size([1, 384, 184])
2022-03-10 03:04:58,186 : file : 1304 - shape : torch.Size([1, 384, 218])
2022-03-10 03:04:58,206 : file : 798 - shape : torch.Size([1, 384, 201])
2022-03-10 03:04:58,227 : file : 1231 - shape : torch.Size([1, 384, 247])
2022-03-10 03:04:58,248 : file : 326 - shape : torch.Size([1, 384, 197])
2022-03-10 03:04:58,271 : file : 1159 - shape : torch.Size([1, 384, 201])
2022-03-10 03:04:58,292 : file : 63 - shape : torch.Size([1, 384, 203])
2022-03-10 03:04:58,312 : file : 1315 - shape : torch.Size([1, 384, 207])
2022-03-10 03:04:58,336 : file : 1098 - shape : torch.Size([1, 384, 267])
2022-03-10 03:04:58,356 : file : 819 - shape : torch.Size([1, 384, 203])
2022-03-10 03:04:58,380 : file : 254 - shape : torch.Size([1, 384, 229])
2022-03-10 03:04:58,400 : file : 897 - shape : torch.Size([1, 384, 207])
2022-03-10 03:04:58,420 : file : 514 - shape : torch.Size([1, 384, 184])
2022-03-10 03:04:58,440 : file : 1324 - shape : torch.Size([1, 384, 179])
2022-03-10 03:04:58,466 : file : 259 - shape : torch.Size([1, 384, 227])
2022-03-10 03:04:58,496 : file : 181 - shape : torch.Size([1, 384, 208])
2022-03-10 03:04:58,517 : file : 713 - shape : torch.Size([1, 384, 207])
2022-03-10 03:04:58,538 : file : 1376 - shape : torch.Size([1, 384, 197])
2022-03-10 03:04:58,559 : file : 1009 - shape : torch.Size([1, 384, 186])
2022-03-10 03:04:58,580 : file : 465 - shape : torch.Size([1, 384, 195])
2022-03-10 03:04:58,605 : file : 664 - shape : torch.Size([1, 384, 219])
2022-03-10 03:04:58,625 : file : 1108 - shape : torch.Size([1, 384, 186])
2022-03-10 03:04:58,646 : file : 719 - shape : torch.Size([1, 384, 192])
2022-03-10 03:04:58,668 : file : 1097 - shape : torch.Size([1, 384, 205])
2022-03-10 03:04:58,688 : file : 971 - shape : torch.Size([1, 384, 201])
2022-03-10 03:04:58,712 : file : 348 - shape : torch.Size([1, 384, 207])
2022-03-10 03:04:58,733 : file : 518 - shape : torch.Size([1, 384, 197])
2022-03-10 03:04:58,754 : file : 221 - shape : torch.Size([1, 384, 210])
2022-03-10 03:04:58,775 : file : 1386 - shape : torch.Size([1, 384, 194])
2022-03-10 03:04:58,797 : file : 773 - shape : torch.Size([1, 384, 183])
2022-03-10 03:04:58,820 : file : 1105 - shape : torch.Size([1, 384, 203])
2022-03-10 03:04:58,841 : file : 1432 - shape : torch.Size([1, 384, 208])
2022-03-10 03:04:58,863 : file : 141 - shape : torch.Size([1, 384, 212])
2022-03-10 03:04:58,884 : file : 730 - shape : torch.Size([1, 384, 177])
2022-03-10 03:04:58,904 : file : 385 - shape : torch.Size([1, 384, 207])
2022-03-10 03:04:58,928 : file : 1293 - shape : torch.Size([1, 384, 212])
2022-03-10 03:04:58,950 : file : 355 - shape : torch.Size([1, 384, 249])
2022-03-10 03:04:58,972 : file : 1411 - shape : torch.Size([1, 384, 227])
2022-03-10 03:04:58,993 : file : 1237 - shape : torch.Size([1, 384, 225])
2022-03-10 03:04:59,014 : file : 182 - shape : torch.Size([1, 384, 190])
2022-03-10 03:04:59,037 : file : 1332 - shape : torch.Size([1, 384, 212])
2022-03-10 03:04:59,058 : file : 943 - shape : torch.Size([1, 384, 210])
2022-03-10 03:04:59,080 : file : 1305 - shape : torch.Size([1, 384, 212])
2022-03-10 03:04:59,102 : file : 212 - shape : torch.Size([1, 384, 216])
2022-03-10 03:04:59,123 : file : 1241 - shape : torch.Size([1, 384, 238])
2022-03-10 03:04:59,145 : file : 1004 - shape : torch.Size([1, 384, 192])
2022-03-10 03:04:59,165 : file : 368 - shape : torch.Size([1, 384, 190])
2022-03-10 03:04:59,185 : file : 1129 - shape : torch.Size([1, 384, 184])
2022-03-10 03:04:59,205 : file : 674 - shape : torch.Size([1, 384, 210])
2022-03-10 03:04:59,225 : file : 775 - shape : torch.Size([1, 384, 183])
2022-03-10 03:04:59,248 : file : 340 - shape : torch.Size([1, 384, 186])
2022-03-10 03:04:59,268 : file : 914 - shape : torch.Size([1, 384, 216])
2022-03-10 03:04:59,290 : file : 171 - shape : torch.Size([1, 384, 238])
2022-03-10 03:04:59,309 : file : 529 - shape : torch.Size([1, 384, 183])
2022-03-10 03:04:59,330 : file : 1309 - shape : torch.Size([1, 384, 210])
2022-03-10 03:04:59,353 : file : 807 - shape : torch.Size([1, 384, 207])
2022-03-10 03:04:59,373 : file : 131 - shape : torch.Size([1, 384, 208])
2022-03-10 03:04:59,393 : file : 866 - shape : torch.Size([1, 384, 201])
2022-03-10 03:04:59,415 : file : 485 - shape : torch.Size([1, 384, 214])
2022-03-10 03:04:59,435 : file : 524 - shape : torch.Size([1, 384, 195])
2022-03-10 03:04:59,459 : file : 21 - shape : torch.Size([1, 384, 227])
2022-03-10 03:04:59,480 : file : 269 - shape : torch.Size([1, 384, 195])
2022-03-10 03:04:59,502 : file : 793 - shape : torch.Size([1, 384, 197])
2022-03-10 03:04:59,523 : file : 310 - shape : torch.Size([1, 384, 197])
2022-03-10 03:04:59,546 : file : 274 - shape : torch.Size([1, 384, 251])
2022-03-10 03:04:59,570 : file : 1186 - shape : torch.Size([1, 384, 212])
2022-03-10 03:04:59,591 : file : 935 - shape : torch.Size([1, 384, 207])
2022-03-10 03:04:59,613 : file : 46 - shape : torch.Size([1, 384, 232])
2022-03-10 03:04:59,635 : file : 136 - shape : torch.Size([1, 384, 212])
2022-03-10 03:04:59,655 : file : 372 - shape : torch.Size([1, 384, 192])
2022-03-10 03:04:59,679 : file : 712 - shape : torch.Size([1, 384, 229])
2022-03-10 03:04:59,700 : file : 1051 - shape : torch.Size([1, 384, 190])
2022-03-10 03:04:59,721 : file : 304 - shape : torch.Size([1, 384, 208])
2022-03-10 03:04:59,742 : file : 1321 - shape : torch.Size([1, 384, 203])
2022-03-10 03:04:59,764 : file : 589 - shape : torch.Size([1, 384, 229])
2022-03-10 03:04:59,787 : file : 573 - shape : torch.Size([1, 384, 212])
2022-03-10 03:04:59,809 : file : 309 - shape : torch.Size([1, 384, 236])
2022-03-10 03:04:59,830 : file : 393 - shape : torch.Size([1, 384, 194])
2022-03-10 03:04:59,851 : file : 377 - shape : torch.Size([1, 384, 192])
2022-03-10 03:04:59,872 : file : 243 - shape : torch.Size([1, 384, 201])
2022-03-10 03:04:59,895 : file : 977 - shape : torch.Size([1, 384, 192])
2022-03-10 03:04:59,916 : file : 152 - shape : torch.Size([1, 384, 219])
2022-03-10 03:04:59,937 : file : 70 - shape : torch.Size([1, 384, 199])
2022-03-10 03:04:59,957 : file : 530 - shape : torch.Size([1, 384, 181])
2022-03-10 03:04:59,978 : file : 706 - shape : torch.Size([1, 384, 195])
2022-03-10 03:05:00,002 : file : 1202 - shape : torch.Size([1, 384, 221])
2022-03-10 03:05:00,022 : file : 12 - shape : torch.Size([1, 384, 207])
2022-03-10 03:05:00,042 : file : 1221 - shape : torch.Size([1, 384, 201])
2022-03-10 03:05:00,063 : file : 1318 - shape : torch.Size([1, 384, 207])
2022-03-10 03:05:00,085 : file : 216 - shape : torch.Size([1, 384, 208])
2022-03-10 03:05:00,107 : file : 736 - shape : torch.Size([1, 384, 173])
2022-03-10 03:05:00,128 : file : 1220 - shape : torch.Size([1, 384, 212])
2022-03-10 03:05:00,148 : file : 295 - shape : torch.Size([1, 384, 172])
2022-03-10 03:05:00,168 : file : 247 - shape : torch.Size([1, 384, 186])
2022-03-10 03:05:00,189 : file : 1285 - shape : torch.Size([1, 384, 201])
2022-03-10 03:05:00,213 : file : 568 - shape : torch.Size([1, 384, 216])
2022-03-10 03:05:00,233 : file : 26 - shape : torch.Size([1, 384, 192])
2022-03-10 03:05:00,254 : file : 223 - shape : torch.Size([1, 384, 192])
2022-03-10 03:05:00,274 : file : 1279 - shape : torch.Size([1, 384, 203])
2022-03-10 03:05:00,294 : file : 505 - shape : torch.Size([1, 384, 179])
2022-03-10 03:05:00,317 : file : 1284 - shape : torch.Size([1, 384, 203])
2022-03-10 03:05:00,340 : file : 1076 - shape : torch.Size([1, 384, 218])
2022-03-10 03:05:00,363 : file : 143 - shape : torch.Size([1, 384, 243])
2022-03-10 03:05:00,383 : file : 1283 - shape : torch.Size([1, 384, 205])
2022-03-10 03:05:00,404 : file : 896 - shape : torch.Size([1, 384, 184])
2022-03-10 03:05:00,426 : file : 790 - shape : torch.Size([1, 384, 216])
2022-03-10 03:05:00,447 : file : 1082 - shape : torch.Size([1, 384, 203])
2022-03-10 03:05:00,467 : file : 31 - shape : torch.Size([1, 384, 205])
2022-03-10 03:05:00,489 : file : 1371 - shape : torch.Size([1, 384, 252])
2022-03-10 03:05:00,510 : file : 718 - shape : torch.Size([1, 384, 194])
2022-03-10 03:05:00,533 : file : 36 - shape : torch.Size([1, 384, 207])
2022-03-10 03:05:00,553 : file : 854 - shape : torch.Size([1, 384, 186])
2022-03-10 03:05:00,573 : file : 767 - shape : torch.Size([1, 384, 190])
2022-03-10 03:05:00,594 : file : 469 - shape : torch.Size([1, 384, 205])
2022-03-10 03:05:00,615 : file : 1387 - shape : torch.Size([1, 384, 219])
2022-03-10 03:05:00,638 : file : 617 - shape : torch.Size([1, 384, 170])
2022-03-10 03:05:00,658 : file : 1210 - shape : torch.Size([1, 384, 219])
2022-03-10 03:05:00,679 : file : 1196 - shape : torch.Size([1, 384, 195])
2022-03-10 03:05:00,699 : file : 506 - shape : torch.Size([1, 384, 197])
2022-03-10 03:05:00,719 : file : 244 - shape : torch.Size([1, 384, 170])
2022-03-10 03:05:00,742 : file : 314 - shape : torch.Size([1, 384, 223])
2022-03-10 03:05:00,763 : file : 194 - shape : torch.Size([1, 384, 192])
2022-03-10 03:05:00,783 : file : 1343 - shape : torch.Size([1, 384, 225])
2022-03-10 03:05:00,804 : file : 698 - shape : torch.Size([1, 384, 199])
2022-03-10 03:05:00,825 : file : 728 - shape : torch.Size([1, 384, 168])
2022-03-10 03:05:00,848 : file : 541 - shape : torch.Size([1, 384, 194])
2022-03-10 03:05:00,869 : file : 3 - shape : torch.Size([1, 384, 214])
2022-03-10 03:05:00,889 : file : 901 - shape : torch.Size([1, 384, 190])
2022-03-10 03:05:00,909 : file : 759 - shape : torch.Size([1, 384, 173])
2022-03-10 03:05:00,930 : file : 474 - shape : torch.Size([1, 384, 190])
2022-03-10 03:05:00,952 : file : 265 - shape : torch.Size([1, 384, 170])
2022-03-10 03:05:00,974 : file : 55 - shape : torch.Size([1, 384, 241])
2022-03-10 03:05:00,995 : file : 697 - shape : torch.Size([1, 384, 216])
2022-03-10 03:05:01,016 : file : 776 - shape : torch.Size([1, 384, 173])
2022-03-10 03:05:01,038 : file : 435 - shape : torch.Size([1, 384, 203])
2022-03-10 03:05:01,061 : file : 298 - shape : torch.Size([1, 384, 188])
2022-03-10 03:05:01,081 : file : 98 - shape : torch.Size([1, 384, 207])
2022-03-10 03:05:01,103 : file : 1226 - shape : torch.Size([1, 384, 210])
2022-03-10 03:05:01,123 : file : 231 - shape : torch.Size([1, 384, 216])
2022-03-10 03:05:01,145 : file : 133 - shape : torch.Size([1, 384, 208])
2022-03-10 03:05:01,167 : file : 803 - shape : torch.Size([1, 384, 194])
2022-03-10 03:05:01,187 : file : 374 - shape : torch.Size([1, 384, 195])
2022-03-10 03:05:01,207 : file : 387 - shape : torch.Size([1, 384, 214])
2022-03-10 03:05:01,227 : file : 1204 - shape : torch.Size([1, 384, 192])
2022-03-10 03:05:01,248 : file : 575 - shape : torch.Size([1, 384, 195])
2022-03-10 03:05:01,270 : file : 880 - shape : torch.Size([1, 384, 188])
2022-03-10 03:05:01,301 : file : 1074 - shape : torch.Size([1, 384, 256])
2022-03-10 03:05:01,334 : file : 1389 - shape : torch.Size([1, 384, 195])
2022-03-10 03:05:01,366 : file : 1088 - shape : torch.Size([1, 384, 179])
2022-03-10 03:05:01,400 : file : 96 - shape : torch.Size([1, 384, 210])
2022-03-10 03:05:01,443 : file : 1414 - shape : torch.Size([1, 384, 199])
2022-03-10 03:05:01,475 : file : 1123 - shape : torch.Size([1, 384, 179])
2022-03-10 03:05:01,508 : file : 430 - shape : torch.Size([1, 384, 208])
2022-03-10 03:05:01,542 : file : 1179 - shape : torch.Size([1, 384, 216])
2022-03-10 03:05:01,575 : file : 1053 - shape : torch.Size([1, 384, 197])
2022-03-10 03:05:01,611 : file : 456 - shape : torch.Size([1, 384, 194])
2022-03-10 03:05:01,645 : file : 963 - shape : torch.Size([1, 384, 199])
2022-03-10 03:05:01,678 : file : 189 - shape : torch.Size([1, 384, 208])
2022-03-10 03:05:01,712 : file : 405 - shape : torch.Size([1, 384, 221])
2022-03-10 03:05:01,750 : file : 123 - shape : torch.Size([1, 384, 192])
2022-03-10 03:05:01,771 : file : 562 - shape : torch.Size([1, 384, 179])
2022-03-10 03:05:01,792 : file : 434 - shape : torch.Size([1, 384, 201])
2022-03-10 03:05:01,813 : file : 879 - shape : torch.Size([1, 384, 188])
2022-03-10 03:05:01,836 : file : 779 - shape : torch.Size([1, 384, 166])
2022-03-10 03:05:01,856 : file : 488 - shape : torch.Size([1, 384, 197])
2022-03-10 03:05:01,877 : file : 1425 - shape : torch.Size([1, 384, 238])
2022-03-10 03:05:01,898 : file : 850 - shape : torch.Size([1, 384, 194])
2022-03-10 03:05:01,919 : file : 328 - shape : torch.Size([1, 384, 232])
2022-03-10 03:05:01,942 : file : 743 - shape : torch.Size([1, 384, 177])
2022-03-10 03:05:01,962 : file : 422 - shape : torch.Size([1, 384, 208])
2022-03-10 03:05:01,983 : file : 744 - shape : torch.Size([1, 384, 190])
2022-03-10 03:05:02,003 : file : 1259 - shape : torch.Size([1, 384, 199])
2022-03-10 03:05:02,024 : file : 1337 - shape : torch.Size([1, 384, 197])
2022-03-10 03:05:02,047 : file : 988 - shape : torch.Size([1, 384, 210])
2022-03-10 03:05:02,068 : file : 1020 - shape : torch.Size([1, 384, 201])
2022-03-10 03:05:02,089 : file : 1181 - shape : torch.Size([1, 384, 201])
2022-03-10 03:05:02,109 : file : 1265 - shape : torch.Size([1, 384, 197])
2022-03-10 03:05:02,130 : file : 397 - shape : torch.Size([1, 384, 212])
2022-03-10 03:05:02,153 : file : 894 - shape : torch.Size([1, 384, 210])
2022-03-10 03:05:02,174 : file : 1195 - shape : torch.Size([1, 384, 208])
2022-03-10 03:05:02,197 : file : 361 - shape : torch.Size([1, 384, 227])
2022-03-10 03:05:02,217 : file : 830 - shape : torch.Size([1, 384, 192])
2022-03-10 03:05:02,237 : file : 732 - shape : torch.Size([1, 384, 175])
2022-03-10 03:05:02,259 : file : 1180 - shape : torch.Size([1, 384, 197])
2022-03-10 03:05:02,279 : file : 127 - shape : torch.Size([1, 384, 199])
2022-03-10 03:05:02,300 : file : 837 - shape : torch.Size([1, 384, 197])
2022-03-10 03:05:02,320 : file : 237 - shape : torch.Size([1, 384, 197])
2022-03-10 03:05:02,341 : file : 164 - shape : torch.Size([1, 384, 249])
2022-03-10 03:05:02,367 : file : 8 - shape : torch.Size([1, 384, 276])
2022-03-10 03:05:02,387 : file : 1374 - shape : torch.Size([1, 384, 181])
2022-03-10 03:05:02,407 : file : 656 - shape : torch.Size([1, 384, 192])
2022-03-10 03:05:02,429 : file : 87 - shape : torch.Size([1, 384, 203])
2022-03-10 03:05:02,450 : file : 634 - shape : torch.Size([1, 384, 177])
2022-03-10 03:05:02,474 : file : 169 - shape : torch.Size([1, 384, 243])
2022-03-10 03:05:02,495 : file : 226 - shape : torch.Size([1, 384, 207])
2022-03-10 03:05:02,515 : file : 346 - shape : torch.Size([1, 384, 179])
2022-03-10 03:05:02,534 : file : 1350 - shape : torch.Size([1, 384, 179])
2022-03-10 03:05:02,554 : file : 480 - shape : torch.Size([1, 384, 181])
2022-03-10 03:05:02,577 : file : 913 - shape : torch.Size([1, 384, 207])
2022-03-10 03:05:02,597 : file : 993 - shape : torch.Size([1, 384, 190])
2022-03-10 03:05:02,618 : file : 900 - shape : torch.Size([1, 384, 195])
2022-03-10 03:05:02,638 : file : 1372 - shape : torch.Size([1, 384, 214])
2022-03-10 03:05:02,659 : file : 1298 - shape : torch.Size([1, 384, 203])
2022-03-10 03:05:02,681 : file : 614 - shape : torch.Size([1, 384, 186])
2022-03-10 03:05:02,702 : file : 69 - shape : torch.Size([1, 384, 205])
2022-03-10 03:05:02,722 : file : 238 - shape : torch.Size([1, 384, 190])
2022-03-10 03:05:02,742 : file : 1001 - shape : torch.Size([1, 384, 194])
2022-03-10 03:05:02,763 : file : 1133 - shape : torch.Size([1, 384, 183])
2022-03-10 03:05:02,786 : file : 869 - shape : torch.Size([1, 384, 186])
2022-03-10 03:05:02,807 : file : 284 - shape : torch.Size([1, 384, 205])
2022-03-10 03:05:02,828 : file : 905 - shape : torch.Size([1, 384, 221])
2022-03-10 03:05:02,849 : file : 1428 - shape : torch.Size([1, 384, 227])
2022-03-10 03:05:02,871 : file : 939 - shape : torch.Size([1, 384, 192])
2022-03-10 03:05:02,894 : file : 438 - shape : torch.Size([1, 384, 188])
2022-03-10 03:05:02,915 : file : 144 - shape : torch.Size([1, 384, 205])
2022-03-10 03:05:02,935 : file : 666 - shape : torch.Size([1, 384, 203])
2022-03-10 03:05:02,958 : file : 357 - shape : torch.Size([1, 384, 254])
2022-03-10 03:05:02,980 : file : 1394 - shape : torch.Size([1, 384, 241])
2022-03-10 03:05:03,004 : file : 1093 - shape : torch.Size([1, 384, 227])
2022-03-10 03:05:03,026 : file : 672 - shape : torch.Size([1, 384, 201])
2022-03-10 03:05:03,046 : file : 933 - shape : torch.Size([1, 384, 214])
2022-03-10 03:05:03,067 : file : 1067 - shape : torch.Size([1, 384, 238])
2022-03-10 03:05:03,088 : file : 60 - shape : torch.Size([1, 384, 207])
2022-03-10 03:05:03,111 : file : 14 - shape : torch.Size([1, 384, 210])
2022-03-10 03:05:03,133 : file : 409 - shape : torch.Size([1, 384, 240])
2022-03-10 03:05:03,153 : file : 358 - shape : torch.Size([1, 384, 199])
2022-03-10 03:05:03,173 : file : 1322 - shape : torch.Size([1, 384, 183])
2022-03-10 03:05:03,194 : file : 1173 - shape : torch.Size([1, 384, 218])
2022-03-10 03:05:03,215 : file : 495 - shape : torch.Size([1, 384, 181])
2022-03-10 03:05:03,235 : file : 41 - shape : torch.Size([1, 384, 201])
2022-03-10 03:05:03,256 : file : 1281 - shape : torch.Size([1, 384, 216])
2022-03-10 03:05:03,277 : file : 315 - shape : torch.Size([1, 384, 245])
2022-03-10 03:05:03,297 : file : 694 - shape : torch.Size([1, 384, 194])
2022-03-10 03:05:03,319 : file : 159 - shape : torch.Size([1, 384, 199])
2022-03-10 03:05:03,339 : file : 1166 - shape : torch.Size([1, 384, 177])
2022-03-10 03:05:03,359 : file : 443 - shape : torch.Size([1, 384, 203])
2022-03-10 03:05:03,380 : file : 748 - shape : torch.Size([1, 384, 197])
2022-03-10 03:05:03,401 : file : 1385 - shape : torch.Size([1, 384, 240])
2022-03-10 03:05:03,425 : file : 52 - shape : torch.Size([1, 384, 238])
2022-03-10 03:05:03,445 : file : 1059 - shape : torch.Size([1, 384, 210])
2022-03-10 03:05:03,466 : file : 678 - shape : torch.Size([1, 384, 208])
2022-03-10 03:05:03,486 : file : 1075 - shape : torch.Size([1, 384, 194])
2022-03-10 03:05:03,507 : file : 597 - shape : torch.Size([1, 384, 210])
2022-03-10 03:05:03,530 : file : 186 - shape : torch.Size([1, 384, 223])
2022-03-10 03:05:03,550 : file : 840 - shape : torch.Size([1, 384, 184])
2022-03-10 03:05:03,571 : file : 476 - shape : torch.Size([1, 384, 195])
2022-03-10 03:05:03,591 : file : 985 - shape : torch.Size([1, 384, 207])
2022-03-10 03:05:03,612 : file : 620 - shape : torch.Size([1, 384, 223])
2022-03-10 03:05:03,636 : file : 1366 - shape : torch.Size([1, 384, 219])
2022-03-10 03:05:03,658 : file : 487 - shape : torch.Size([1, 384, 188])
2022-03-10 03:05:03,679 : file : 940 - shape : torch.Size([1, 384, 205])
2022-03-10 03:05:03,700 : file : 543 - shape : torch.Size([1, 384, 229])
2022-03-10 03:05:03,742 : file : 550 - shape : torch.Size([1, 384, 183])
2022-03-10 03:05:03,765 : file : 111 - shape : torch.Size([1, 384, 205])
2022-03-10 03:05:03,787 : file : 655 - shape : torch.Size([1, 384, 199])
2022-03-10 03:05:03,807 : file : 282 - shape : torch.Size([1, 384, 172])
2022-03-10 03:05:03,828 : file : 563 - shape : torch.Size([1, 384, 207])
2022-03-10 03:05:03,848 : file : 482 - shape : torch.Size([1, 384, 173])
2022-03-10 03:05:03,851 : End of test set ...
2022-03-10 03:08:10,498 : Feature extraction of train set
2022-03-10 03:21:35,457 : End of train set ...
2022-03-10 03:50:17,314 : Feature extraction of valid set
2022-03-10 03:51:46,899 : End of valid set ...
